<?xml version="1.0" encoding="UTF-8"?>
<!-- Generated by org.testng.reporters.JUnitReportReporter -->
<testsuite hostname="Eatasam" failures="0" tests="1" name="EatasamAutomation.Garage.NewTest" time="86.415" errors="0" timestamp="2024-10-21T12:05:02 AST" skipped="0">
  <testcase classname="EatasamAutomation.Garage.NewTest" name="Login" time="86.415"/>
  <system-out/>
</testsuite> <!-- EatasamAutomation.Garage.NewTest -->
